# JRE version: Java(TM) SE Runtime Environment (8.0_73-b02) (build 1.8.0_73-b02)
# Java VM: Java HotSpot(TM) 64-Bit Server VM (25.73-b02 mixed mode windows-amd64 compressed oops)
Heap:
 PSYoungGen      total 111104K, used 69139K [0x000000076b180000, 0x0000000773f80000, 0x00000007c0000000)
  eden space 107520K, 60% used [0x000000076b180000,0x000000076f1867f8,0x0000000771a80000)
  from space 3584K, 99% used [0x0000000773c00000,0x0000000773f7e4e0,0x0000000773f80000)
  to   space 10752K, 0% used [0x0000000772a80000,0x0000000772a80000,0x0000000773500000)
 ParOldGen       total 109568K, used 16420K [0x00000006c1400000, 0x00000006c7f00000, 0x000000076b180000)
  object space 109568K, 14% used [0x00000006c1400000,0x00000006c2409298,0x00000006c7f00000)
 Metaspace       used 29422K, capacity 29776K, committed 29952K, reserved 1075200K
  class space    used 3722K, capacity 3803K, committed 3840K, reserved 1048576K
GC Heap History (10 events):
Event: 2.044 GC heap before
{Heap before GC invocations=3 (full 0):
 PSYoungGen      total 76288K, used 20393K [0x000000076b180000, 0x0000000774680000, 0x00000007c0000000)
  eden space 65536K, 14% used [0x000000076b180000,0x000000076baf1c30,0x000000076f180000)
  from space 10752K, 99% used [0x000000076fc00000,0x0000000770678a88,0x0000000770680000)
  to   space 10752K, 0% used [0x000000076f180000,0x000000076f180000,0x000000076fc00000)
 ParOldGen       total 175104K, used 2539K [0x00000006c1400000, 0x00000006cbf00000, 0x000000076b180000)
  object space 175104K, 1% used [0x00000006c1400000,0x00000006c167ac80,0x00000006cbf00000)
 Metaspace       used 20819K, capacity 21126K, committed 21248K, reserved 1067008K
  class space    used 2643K, capacity 2756K, committed 2816K, reserved 1048576K
Event: 2.050 GC heap after
Heap after GC invocations=3 (full 0):
 PSYoungGen      total 76288K, used 9068K [0x000000076b180000, 0x0000000774680000, 0x00000007c0000000)
  eden space 65536K, 0% used [0x000000076b180000,0x000000076b180000,0x000000076f180000)
  from space 10752K, 84% used [0x000000076f180000,0x000000076fa5b230,0x000000076fc00000)
  to   space 10752K, 0% used [0x0000000773c00000,0x0000000773c00000,0x0000000774680000)
 ParOldGen       total 175104K, used 2547K [0x00000006c1400000, 0x00000006cbf00000, 0x000000076b180000)
  object space 175104K, 1% used [0x00000006c1400000,0x00000006c167cc80,0x00000006cbf00000)
 Metaspace       used 20819K, capacity 21126K, committed 21248K, reserved 1067008K
  class space    used 2643K, capacity 2756K, committed 2816K, reserved 1048576K
}
Event: 2.050 GC heap before
{Heap before GC invocations=4 (full 1):
 PSYoungGen      total 76288K, used 9068K [0x000000076b180000, 0x0000000774680000, 0x00000007c0000000)
  eden space 65536K, 0% used [0x000000076b180000,0x000000076b180000,0x000000076f180000)
  from space 10752K, 84% used [0x000000076f180000,0x000000076fa5b230,0x000000076fc00000)
  to   space 10752K, 0% used [0x0000000773c00000,0x0000000773c00000,0x0000000774680000)
 ParOldGen       total 175104K, used 2547K [0x00000006c1400000, 0x00000006cbf00000, 0x000000076b180000)
  object space 175104K, 1% used [0x00000006c1400000,0x00000006c167cc80,0x00000006cbf00000)
 Metaspace       used 20819K, capacity 21126K, committed 21248K, reserved 1067008K
  class space    used 2643K, capacity 2756K, committed 2816K, reserved 1048576K
Event: 2.076 GC heap after
Heap after GC invocations=4 (full 1):
 PSYoungGen      total 76288K, used 0K [0x000000076b180000, 0x0000000774680000, 0x00000007c0000000)
  eden space 65536K, 0% used [0x000000076b180000,0x000000076b180000,0x000000076f180000)
  from space 10752K, 0% used [0x000000076f180000,0x000000076f180000,0x000000076fc00000)
  to   space 10752K, 0% used [0x0000000773c00000,0x0000000773c00000,0x0000000774680000)
 ParOldGen       total 109568K, used 9414K [0x00000006c1400000, 0x00000006c7f00000, 0x000000076b180000)
  object space 109568K, 8% used [0x00000006c1400000,0x00000006c1d31b40,0x00000006c7f00000)
 Metaspace       used 20819K, capacity 21126K, committed 21248K, reserved 1067008K
  class space    used 2643K, capacity 2756K, committed 2816K, reserved 1048576K
}
Event: 2.393 GC heap before
{Heap before GC invocations=5 (full 1):
 PSYoungGen      total 76288K, used 65536K [0x000000076b180000, 0x0000000774680000, 0x00000007c0000000)
  eden space 65536K, 100% used [0x000000076b180000,0x000000076f180000,0x000000076f180000)
  from space 10752K, 0% used [0x000000076f180000,0x000000076f180000,0x000000076fc00000)
  to   space 10752K, 0% used [0x0000000773c00000,0x0000000773c00000,0x0000000774680000)
 ParOldGen       total 109568K, used 9414K [0x00000006c1400000, 0x00000006c7f00000, 0x000000076b180000)
  object space 109568K, 8% used [0x00000006c1400000,0x00000006c1d31b40,0x00000006c7f00000)
 Metaspace       used 22015K, capacity 22308K, committed 22656K, reserved 1069056K
  class space    used 2800K, capacity 2889K, committed 2944K, reserved 1048576K
Event: 2.410 GC heap after
Heap after GC invocations=5 (full 1):
 PSYoungGen      total 111104K, used 3499K [0x000000076b180000, 0x0000000773f80000, 0x00000007c0000000)
  eden space 107520K, 0% used [0x000000076b180000,0x000000076b180000,0x0000000771a80000)
  from space 3584K, 97% used [0x0000000773c00000,0x0000000773f6ace8,0x0000000773f80000)
  to   space 10752K, 0% used [0x0000000772a80000,0x0000000772a80000,0x0000000773500000)
 ParOldGen       total 109568K, used 9422K [0x00000006c1400000, 0x00000006c7f00000, 0x000000076b180000)
  object space 109568K, 8% used [0x00000006c1400000,0x00000006c1d33b40,0x00000006c7f00000)
 Metaspace       used 22015K, capacity 22308K, committed 22656K, reserved 1069056K
  class space    used 2800K, capacity 2889K, committed 2944K, reserved 1048576K
}
Event: 2.890 GC heap before
{Heap before GC invocations=6 (full 1):
 PSYoungGen      total 111104K, used 111019K [0x000000076b180000, 0x0000000773f80000, 0x00000007c0000000)
  eden space 107520K, 100% used [0x000000076b180000,0x0000000771a80000,0x0000000771a80000)
  from space 3584K, 97% used [0x0000000773c00000,0x0000000773f6ace8,0x0000000773f80000)
  to   space 10752K, 0% used [0x0000000772a80000,0x0000000772a80000,0x0000000773500000)
 ParOldGen       total 109568K, used 9422K [0x00000006c1400000, 0x00000006c7f00000, 0x000000076b180000)
  object space 109568K, 8% used [0x00000006c1400000,0x00000006c1d33b40,0x00000006c7f00000)
 Metaspace       used 24040K, capacity 24398K, committed 24704K, reserved 1071104K
  class space    used 3067K, capacity 3152K, committed 3200K, reserved 1048576K
Event: 2.900 GC heap after
Heap after GC invocations=6 (full 1):
 PSYoungGen      total 118272K, used 9712K [0x000000076b180000, 0x0000000773f80000, 0x00000007c0000000)
  eden space 107520K, 0% used [0x000000076b180000,0x000000076b180000,0x0000000771a80000)
  from space 10752K, 90% used [0x0000000772a80000,0x00000007733fc1b0,0x0000000773500000)
  to   space 3584K, 0% used [0x0000000773c00000,0x0000000773c00000,0x0000000773f80000)
 ParOldGen       total 109568K, used 9430K [0x00000006c1400000, 0x00000006c7f00000, 0x000000076b180000)
  object space 109568K, 8% used [0x00000006c1400000,0x00000006c1d35b40,0x00000006c7f00000)
 Metaspace       used 24040K, capacity 24398K, committed 24704K, reserved 1071104K
  class space    used 3067K, capacity 3152K, committed 3200K, reserved 1048576K
}
Event: 3.832 GC heap before
{Heap before GC invocations=7 (full 1):
 PSYoungGen      total 118272K, used 117232K [0x000000076b180000, 0x0000000773f80000, 0x00000007c0000000)
  eden space 107520K, 100% used [0x000000076b180000,0x0000000771a80000,0x0000000771a80000)
  from space 10752K, 90% used [0x0000000772a80000,0x00000007733fc1b0,0x0000000773500000)
  to   space 3584K, 0% used [0x0000000773c00000,0x0000000773c00000,0x0000000773f80000)
 ParOldGen       total 109568K, used 9430K [0x00000006c1400000, 0x00000006c7f00000, 0x000000076b180000)
  object space 109568K, 8% used [0x00000006c1400000,0x00000006c1d35b40,0x00000006c7f00000)
 Metaspace       used 28616K, capacity 28970K, committed 29056K, reserved 1075200K
  class space    used 3615K, capacity 3706K, committed 3712K, reserved 1048576K
Event: 3.838 GC heap after
Heap after GC invocations=7 (full 1):
 PSYoungGen      total 111104K, used 3577K [0x000000076b180000, 0x0000000773f80000, 0x00000007c0000000)
  eden space 107520K, 0% used [0x000000076b180000,0x000000076b180000,0x0000000771a80000)
  from space 3584K, 99% used [0x0000000773c00000,0x0000000773f7e4e0,0x0000000773f80000)
  to   space 10752K, 0% used [0x0000000772a80000,0x0000000772a80000,0x0000000773500000)
 ParOldGen       total 109568K, used 16420K [0x00000006c1400000, 0x00000006c7f00000, 0x000000076b180000)
  object space 109568K, 14% used [0x00000006c1400000,0x00000006c2409298,0x00000006c7f00000)
 Metaspace       used 28616K, capacity 28970K, committed 29056K, reserved 1075200K
  class space    used 3615K, capacity 3706K, committed 3712K, reserved 1048576K
}

